<?xml version="1.0" encoding="UTF-8"?>
<!-- Generated by org.testng.reporters.JUnitXMLReporter -->
<testsuite ignored="13" hostname="DJ" failures="0" tests="14" name="Default test" time="0.091" errors="0" timestamp="2021-12-21T16:53:54 IST">
  <testcase classname="qtrecog.testcases.ActivityPanel" name="@BeforeTest setup" time="-1.640085834339E9">
    <failure type="org.testng.TestNGException" message="
Parameter &amp;apos;browser&amp;apos; is required by BeforeTest on method setup but has not been marked @Optional or defined
in C:\Users\killi\AppData\Local\Temp\testng-eclipse--212458565\testng-customsuite.xml">
      <![CDATA[org.testng.TestNGException: 
Parameter 'browser' is required by BeforeTest on method setup but has not been marked @Optional or defined
in C:\Users\killi\AppData\Local\Temp\testng-eclipse--212458565\testng-customsuite.xml
at org.testng.internal.Parameters.createParams(Parameters.java:270)
at org.testng.internal.Parameters.createParametersForMethod(Parameters.java:358)
at org.testng.internal.Parameters.createParameters(Parameters.java:700)
at org.testng.internal.Parameters.createConfigurationParameters(Parameters.java:168)
at org.testng.internal.ConfigInvoker.invokeConfigurations(ConfigInvoker.java:302)
at org.testng.TestRunner.invokeTestConfigurations(TestRunner.java:637)
at org.testng.TestRunner.beforeRun(TestRunner.java:627)
at org.testng.TestRunner.run(TestRunner.java:589)
at org.testng.SuiteRunner.runTest(SuiteRunner.java:377)
at org.testng.SuiteRunner.runSequentially(SuiteRunner.java:371)
at org.testng.SuiteRunner.privateRun(SuiteRunner.java:332)
at org.testng.SuiteRunner.run(SuiteRunner.java:276)
at org.testng.SuiteRunnerWorker.runSuite(SuiteRunnerWorker.java:53)
at org.testng.SuiteRunnerWorker.run(SuiteRunnerWorker.java:96)
at org.testng.TestNG.runSuitesSequentially(TestNG.java:1212)
at org.testng.TestNG.runSuitesLocally(TestNG.java:1134)
at org.testng.TestNG.runSuites(TestNG.java:1063)
at org.testng.TestNG.run(TestNG.java:1031)
at org.testng.remote.AbstractRemoteTestNG.run(AbstractRemoteTestNG.java:115)
at org.testng.remote.RemoteTestNG.initAndRun(RemoteTestNG.java:251)
at org.testng.remote.RemoteTestNG.main(RemoteTestNG.java:77)
]]>
    </failure>
  </testcase> <!-- @BeforeTest setup -->
  <testcase classname="qtrecog.testcases.KudosConditions" name="@BeforeTest setup" time="-1.640085834346E9">
    <skipped/>
  </testcase> <!-- @BeforeTest setup -->
  <testcase classname="qtrecog.testcases.KudosHomeTest" name="@BeforeTest setup" time="-1.640085834348E9">
    <skipped/>
  </testcase> <!-- @BeforeTest setup -->
  <testcase classname="qtrecog.testcases.KudosHomeTest2" name="@BeforeTest setup" time="-1.640085834349E9">
    <skipped/>
  </testcase> <!-- @BeforeTest setup -->
  <testcase classname="qtrecog.testcases.KudosMandateTest1" name="@BeforeTest setup" time="-1.64008583435E9">
    <skipped/>
  </testcase> <!-- @BeforeTest setup -->
  <testcase classname="qtrecog.testcases.KudosMandatoryTest" name="@BeforeTest setup" time="-1.64008583435E9">
    <skipped/>
  </testcase> <!-- @BeforeTest setup -->
  <testcase classname="qtrecog.testcases.KudosRecentsTest" name="@BeforeTest setup" time="-1.640085834351E9">
    <skipped/>
  </testcase> <!-- @BeforeTest setup -->
  <testcase classname="qtrecog.testcases.KudosSearchTest" name="@BeforeTest setup" time="-1.640085834352E9">
    <skipped/>
  </testcase> <!-- @BeforeTest setup -->
  <testcase classname="qtrecog.testcases.LoginPageTest" name="@BeforeTest setup" time="-1.640085834353E9">
    <skipped/>
  </testcase> <!-- @BeforeTest setup -->
  <testcase classname="qtrecog.testcases.ActivityPanel" name="@AfterTest tearDown" time="-1.640085834417E9">
    <skipped/>
  </testcase> <!-- @AfterTest tearDown -->
  <testcase classname="qtrecog.testcases.KudosConditions" name="@AfterTest tearDown" time="-1.640085834418E9">
    <skipped/>
  </testcase> <!-- @AfterTest tearDown -->
  <testcase classname="qtrecog.testcases.KudosHomeTest" name="@AfterTest tearDown" time="-1.640085834419E9">
    <skipped/>
  </testcase> <!-- @AfterTest tearDown -->
  <testcase classname="qtrecog.testcases.KudosHomeTest2" name="@AfterTest tearDown" time="-1.64008583442E9">
    <skipped/>
  </testcase> <!-- @AfterTest tearDown -->
  <testcase classname="qtrecog.testcases.KudosMandateTest1" name="@AfterTest tearDown" time="-1.640085834422E9">
    <skipped/>
  </testcase> <!-- @AfterTest tearDown -->
  <testcase classname="qtrecog.testcases.KudosMandatoryTest" name="@AfterTest tearDown" time="-1.640085834423E9">
    <skipped/>
  </testcase> <!-- @AfterTest tearDown -->
  <testcase classname="qtrecog.testcases.KudosRecentsTest" name="@AfterTest tearDown" time="-1.640085834424E9">
    <skipped/>
  </testcase> <!-- @AfterTest tearDown -->
  <testcase classname="qtrecog.testcases.KudosSearchTest" name="@AfterTest tearDown" time="-1.640085834425E9">
    <skipped/>
  </testcase> <!-- @AfterTest tearDown -->
  <testcase classname="qtrecog.testcases.LoginPageTest" name="@AfterTest tearDown" time="-1.640085834426E9">
    <skipped/>
  </testcase> <!-- @AfterTest tearDown -->
  <testcase classname="qtrecog.testcases.KudosRecentsTest" name="verifyRecentContacts" time="0.0">
    <skipped/>
  </testcase> <!-- verifyRecentContacts -->
  <testcase classname="qtrecog.testcases.ActivityPanel" name="verifyKudosFromMe" time="0.0">
    <skipped/>
  </testcase> <!-- verifyKudosFromMe -->
  <testcase classname="qtrecog.testcases.ActivityPanel" name="verifyKudosToMe" time="0.0">
    <skipped/>
  </testcase> <!-- verifyKudosToMe -->
  <testcase classname="qtrecog.testcases.ActivityPanel" name="verifyActivity" time="0.0">
    <skipped/>
  </testcase> <!-- verifyActivity -->
  <testcase classname="qtrecog.testcases.KudosHomeTest" name="verifyTitleHome" time="0.0">
    <skipped/>
  </testcase> <!-- verifyTitleHome -->
  <testcase classname="qtrecog.testcases.KudosHomeTest" name="verifyUser" time="0.0">
    <skipped/>
  </testcase> <!-- verifyUser -->
  <testcase classname="qtrecog.testcases.KudosConditions" name="verifyKudosToOwn" time="0.0">
    <skipped/>
  </testcase> <!-- verifyKudosToOwn -->
  <testcase classname="qtrecog.testcases.KudosMandateTest1" name="verifyCitationMandatory" time="0.0">
    <skipped/>
  </testcase> <!-- verifyCitationMandatory -->
  <testcase classname="qtrecog.testcases.KudosMandatoryTest" name="verifyKudosMandatry" time="0.0">
    <skipped/>
  </testcase> <!-- verifyKudosMandatry -->
  <testcase classname="qtrecog.testcases.KudosSearchTest" name="verifyKudosSearch" time="0.0">
    <skipped/>
  </testcase> <!-- verifyKudosSearch -->
  <testcase classname="qtrecog.testcases.KudosHomeTest2" name="verifySendKudos" time="0.0">
    <skipped/>
  </testcase> <!-- verifySendKudos -->
  <testcase classname="qtrecog.testcases.LoginPageTest" name="verifyTitleLogin" time="0.0">
    <skipped/>
  </testcase> <!-- verifyTitleLogin -->
  <testcase classname="qtrecog.testcases.LoginPageTest" name="verifyElementColours" time="0.0">
    <skipped/>
  </testcase> <!-- verifyElementColours -->
  <testcase classname="qtrecog.testcases.LoginPageTest" name="verifyLogin" time="0.0">
    <skipped/>
  </testcase> <!-- verifyLogin -->
  <testcase classname="qtrecog.base.Base" name="@BeforeSuite loadConfig" time="0.0">
    <ignored/>
  </testcase> <!-- @BeforeSuite loadConfig -->
  <testcase classname="qtrecog.base.Base" name="@BeforeSuite loadConfig" time="0.0">
    <ignored/>
  </testcase> <!-- @BeforeSuite loadConfig -->
  <testcase classname="qtrecog.base.Base" name="@BeforeSuite loadConfig" time="0.0">
    <ignored/>
  </testcase> <!-- @BeforeSuite loadConfig -->
  <testcase classname="qtrecog.base.Base" name="@BeforeSuite loadConfig" time="0.0">
    <ignored/>
  </testcase> <!-- @BeforeSuite loadConfig -->
  <testcase classname="qtrecog.base.Base" name="@BeforeSuite loadConfig" time="0.0">
    <ignored/>
  </testcase> <!-- @BeforeSuite loadConfig -->
  <testcase classname="qtrecog.base.Base" name="@BeforeSuite loadConfig" time="0.0">
    <ignored/>
  </testcase> <!-- @BeforeSuite loadConfig -->
  <testcase classname="qtrecog.base.Base" name="@BeforeSuite loadConfig" time="0.0">
    <ignored/>
  </testcase> <!-- @BeforeSuite loadConfig -->
  <testcase classname="qtrecog.base.Base" name="@BeforeSuite loadConfig" time="0.0">
    <ignored/>
  </testcase> <!-- @BeforeSuite loadConfig -->
  <testcase classname="qtrecog.base.Base" name="@BeforeSuite loadConfig" time="0.0">
    <ignored/>
  </testcase> <!-- @BeforeSuite loadConfig -->
  <testcase classname="qtrecog.base.Base" name="@BeforeSuite loadConfig" time="0.0">
    <ignored/>
  </testcase> <!-- @BeforeSuite loadConfig -->
  <testcase classname="qtrecog.base.Base" name="@BeforeSuite loadConfig" time="0.0">
    <ignored/>
  </testcase> <!-- @BeforeSuite loadConfig -->
  <testcase classname="qtrecog.base.Base" name="@BeforeSuite loadConfig" time="0.0">
    <ignored/>
  </testcase> <!-- @BeforeSuite loadConfig -->
  <testcase classname="qtrecog.base.Base" name="@BeforeSuite loadConfig" time="0.0">
    <ignored/>
  </testcase> <!-- @BeforeSuite loadConfig -->
</testsuite> <!-- Default test -->
