<!DOCTYPE html PUBLIC "-//W3C//DTD XHTML 1.1//EN" "https://www.w3.org/TR/xhtml11/DTD/xhtml11.dtd">
<html xmlns="https://www.w3.org/1999/xhtml">
<head>
<meta http-equiv="content-type" content="text/html; charset=UTF-8"/>
<title>TestNG Report</title>
<style type="text/css">table {margin-bottom:10px;border-collapse:collapse;empty-cells:show}th,td {border:1px solid #009;padding:.25em .5em}th {vertical-align:bottom}td {vertical-align:top}table a {font-weight:bold}.stripe td {background-color: #E6EBF9}.num {text-align:right}.passedodd td {background-color: #3F3}.passedeven td {background-color: #0A0}.skippedodd td {background-color: #DDD}.skippedeven td {background-color: #CCC}.failedodd td,.attn {background-color: #F33}.failedeven td,.stripe .attn {background-color: #D00}.stacktrace {white-space:pre;font-family:monospace}.totop {font-size:85%;text-align:center;border-bottom:2px solid #000}.invisible {display:none}</style>
</head>
<body>
<table>
<tr><th>Test</th><th># Passed</th><th># Skipped</th><th># Retried</th><th># Failed</th><th>Time (ms)</th><th>Included Groups</th><th>Excluded Groups</th></tr>
<tr><th colspan="8">Suite</th></tr>
<tr><td><a href="#t0">Test8</a></td><td class="num">0</td><td class="num">0</td><td class="num">0</td><td class="num attn">1</td><td class="num">68,068</td><td></td><td></td></tr>
<tr class="stripe"><td><a href="#t1">Test2</a></td><td class="num">2</td><td class="num">0</td><td class="num">0</td><td class="num attn">1</td><td class="num">54,970</td><td></td><td></td></tr>
<tr><td><a href="#t2">Test7</a></td><td class="num">1</td><td class="num">0</td><td class="num">0</td><td class="num">0</td><td class="num">71,906</td><td></td><td></td></tr>
<tr class="stripe"><td><a href="#t3">Test3</a></td><td class="num">0</td><td class="num">0</td><td class="num">0</td><td class="num attn">1</td><td class="num">45,722</td><td></td><td></td></tr>
<tr><td><a href="#t4">Test9</a></td><td class="num">1</td><td class="num">0</td><td class="num">0</td><td class="num">0</td><td class="num">59,604</td><td></td><td></td></tr>
<tr class="stripe"><td><a href="#t5">Test6</a></td><td class="num">1</td><td class="num">0</td><td class="num">0</td><td class="num attn">2</td><td class="num">59,342</td><td></td><td></td></tr>
<tr><td><a href="#t6">Test1</a></td><td class="num">1</td><td class="num">0</td><td class="num">0</td><td class="num attn">1</td><td class="num">56,839</td><td></td><td></td></tr>
<tr class="stripe"><td><a href="#t7">Test5</a></td><td class="num">1</td><td class="num">0</td><td class="num">0</td><td class="num">0</td><td class="num">66,230</td><td></td><td></td></tr>
<tr><td><a href="#t8">Test4</a></td><td class="num">0</td><td class="num">0</td><td class="num">0</td><td class="num attn">1</td><td class="num">48,982</td><td></td><td></td></tr>
<tr><th>Total</th><th class="num">7</th><th class="num">0</th><th class="num">0</th><th class="num attn">7</th><th class="num">531,663</th><th colspan="2"></th></tr>
</table>
<table id='summary'><thead><tr><th>Class</th><th>Method</th><th>Start</th><th>Time (ms)</th></tr></thead><tbody><tr><th colspan="4">Suite</th></tr></tbody><tbody id="t0"><tr><th colspan="4">Test8 &#8212; failed</th></tr><tr class="failedeven"><td rowspan="1">qtrecog.testcases.KudosHomeTest2</td><td><a href="#m0">verifySendKudos</a></td><td rowspan="1">1640171758984</td><td rowspan="1">60706</td></tr></tbody>
<tbody id="t1"><tr><th colspan="4">Test2 &#8212; failed</th></tr><tr class="failedeven"><td rowspan="1">qtrecog.testcases.LoginPageTest</td><td><a href="#m1">verifyElementColours</a></td><td rowspan="1">1640171824810</td><td rowspan="1">322</td></tr><tr><th colspan="4">Test2 &#8212; passed</th></tr><tr class="passedeven"><td rowspan="2">qtrecog.testcases.LoginPageTest</td><td><a href="#m2">verifyLogin</a></td><td rowspan="1">1640171825533</td><td rowspan="1">50367</td></tr><tr class="passedeven"><td><a href="#m3">verifyTitleLogin</a></td><td rowspan="1">1640171824788</td><td rowspan="1">18</td></tr></tbody>
<tbody id="t2"><tr><th colspan="4">Test7 &#8212; passed</th></tr><tr class="passedeven"><td rowspan="1">qtrecog.testcases.KudosConditions</td><td><a href="#m4">verifyKudosToOwn</a></td><td rowspan="1">1640171879630</td><td rowspan="1">68311</td></tr></tbody>
<tbody id="t3"><tr><th colspan="4">Test3 &#8212; failed</th></tr><tr class="failedeven"><td rowspan="1">qtrecog.testcases.KudosSearchTest</td><td><a href="#m5">verifyKudosSearch</a></td><td rowspan="1">1640171951759</td><td rowspan="1">41490</td></tr></tbody>
<tbody id="t4"><tr><th colspan="4">Test9 &#8212; passed</th></tr><tr class="passedeven"><td rowspan="1">qtrecog.testcases.KudosMandateTest1</td><td><a href="#m6">verifyCitationMandatory</a></td><td rowspan="1">1640171997686</td><td rowspan="1">55844</td></tr></tbody>
<tbody id="t5"><tr><th colspan="4">Test6 &#8212; failed</th></tr><tr class="failedeven"><td rowspan="2">qtrecog.testcases.ActivityPanel</td><td><a href="#m7">verifyKudosFromMe</a></td><td rowspan="1">1640172104762</td><td rowspan="1">882</td></tr><tr class="failedeven"><td><a href="#m8">verifyKudosToMe</a></td><td rowspan="1">1640172106667</td><td rowspan="1">181</td></tr><tr><th colspan="4">Test6 &#8212; passed</th></tr><tr class="passedeven"><td rowspan="1">qtrecog.testcases.ActivityPanel</td><td><a href="#m9">verifyActivity</a></td><td rowspan="1">1640172107435</td><td rowspan="1">5540</td></tr></tbody>
<tbody id="t6"><tr><th colspan="4">Test1 &#8212; failed</th></tr><tr class="failedeven"><td rowspan="1">qtrecog.testcases.KudosHomeTest</td><td><a href="#m10">verifyUser</a></td><td rowspan="1">1640172116180</td><td rowspan="1">53024</td></tr><tr><th colspan="4">Test1 &#8212; passed</th></tr><tr class="passedeven"><td rowspan="1">qtrecog.testcases.KudosHomeTest</td><td><a href="#m11">verifyTitleHome</a></td><td rowspan="1">1640172116166</td><td rowspan="1">12</td></tr></tbody>
<tbody id="t7"><tr><th colspan="4">Test5 &#8212; passed</th></tr><tr class="passedeven"><td rowspan="1">qtrecog.testcases.KudosMandatoryTest</td><td><a href="#m12">verifyKudosMandatry</a></td><td rowspan="1">1640172173280</td><td rowspan="1">62839</td></tr></tbody>
<tbody id="t8"><tr><th colspan="4">Test4 &#8212; failed</th></tr><tr class="failedeven"><td rowspan="1">qtrecog.testcases.KudosRecentsTest</td><td><a href="#m13">verifyRecentContacts</a></td><td rowspan="1">1640172240113</td><td rowspan="1">44541</td></tr></tbody>
</table>
<h2>Test8</h2><h3 id="m0">qtrecog.testcases.KudosHomeTest2#verifySendKudos</h3><table class="result"><tr><th>Exception</th></tr><tr><td><div class="stacktrace">java.lang.AssertionError: Kudos cannot be sent expected [Kudos Sent Successfully.] but found [Sending email. Please wait .....]
	at qtrecog.testcases.KudosHomeTest2.verifySendKudos(KudosHomeTest2.java:41)
	at java.base/java.util.ArrayList.forEach(ArrayList.java:1511)
... Removed 32 stack frames</div></td></tr></table><p class="totop"><a href="#summary">back to summary</a></p>
<h2>Test2</h2><h3 id="m1">qtrecog.testcases.LoginPageTest#verifyElementColours</h3><table class="result"><tr><th>Exception</th></tr><tr><td><div class="stacktrace">java.lang.AssertionError: The following asserts failed:
	expected [#fecc160] but found [#fdcc16],
	expected [#939598] but found [#ffffff],
	expected [#939598] but found [#ffffff]
	at qtrecog.testcases.LoginPageTest.verifyElementColours(LoginPageTest.java:71)
	at java.base/java.util.ArrayList.forEach(ArrayList.java:1511)
... Removed 29 stack frames</div></td></tr></table><p class="totop"><a href="#summary">back to summary</a></p>
<h3 id="m2">qtrecog.testcases.LoginPageTest#verifyLogin</h3><table class="result"><tr><th class="invisible"/></tr></table><p class="totop"><a href="#summary">back to summary</a></p>
<h3 id="m3">qtrecog.testcases.LoginPageTest#verifyTitleLogin</h3><table class="result"><tr><th class="invisible"/></tr></table><p class="totop"><a href="#summary">back to summary</a></p>
<h2>Test7</h2><h3 id="m4">qtrecog.testcases.KudosConditions#verifyKudosToOwn</h3><table class="result"><tr><th class="invisible"/></tr></table><p class="totop"><a href="#summary">back to summary</a></p>
<h2>Test3</h2><h3 id="m5">qtrecog.testcases.KudosSearchTest#verifyKudosSearch</h3><table class="result"><tr><th>Exception</th></tr><tr><td><div class="stacktrace">org.openqa.selenium.NoSuchElementException: no such element: Unable to locate element: {&quot;method&quot;:&quot;xpath&quot;,&quot;selector&quot;:&quot;//*[@id=&apos;s_e_add&apos;]&quot;}
  (Session info: chrome=96.0.4664.110)
For documentation on this error, please visit: https://selenium.dev/exceptions/#no_such_element
Build info: version: &apos;4.1.0&apos;, revision: &apos;87802e897b&apos;
System info: host: &apos;DJ&apos;, ip: &apos;192.168.1.69&apos;, os.name: &apos;Windows 10&apos;, os.arch: &apos;amd64&apos;, os.version: &apos;10.0&apos;, java.version: &apos;17.0.1&apos;
Driver info: org.openqa.selenium.chrome.ChromeDriver
Command: [b2576dca8724dabf58605cf11b9c81eb, findElement {using=xpath, value=//*[@id=&apos;s_e_add&apos;]}]
Capabilities {acceptInsecureCerts: false, browserName: chrome, browserVersion: 96.0.4664.110, chrome: {chromedriverVersion: 96.0.4664.45 (76e4c1bb2ab46..., userDataDir: C:\Users\killi\AppData\Loca...}, goog:chromeOptions: {debuggerAddress: localhost:62151}, javascriptEnabled: true, networkConnectionEnabled: false, pageLoadStrategy: normal, platform: WINDOWS, platformName: WINDOWS, proxy: Proxy(), se:cdp: ws://localhost:62151/devtoo..., se:cdpVersion: 96.0.4664.110, setWindowRect: true, strictFileInteractability: false, timeouts: {implicit: 0, pageLoad: 300000, script: 30000}, unhandledPromptBehavior: dismiss and notify, webauthn:extension:credBlob: true, webauthn:extension:largeBlob: true, webauthn:virtualAuthenticators: true}
Session ID: b2576dca8724dabf58605cf11b9c81eb
	at org.openqa.selenium.remote.codec.w3c.W3CHttpResponseCodec.createException(W3CHttpResponseCodec.java:200)
	at org.openqa.selenium.remote.codec.w3c.W3CHttpResponseCodec.decode(W3CHttpResponseCodec.java:133)
	at org.openqa.selenium.remote.codec.w3c.W3CHttpResponseCodec.decode(W3CHttpResponseCodec.java:53)
	at org.openqa.selenium.remote.HttpCommandExecutor.execute(HttpCommandExecutor.java:184)
	at org.openqa.selenium.remote.service.DriverCommandExecutor.invokeExecute(DriverCommandExecutor.java:164)
	at org.openqa.selenium.remote.service.DriverCommandExecutor.execute(DriverCommandExecutor.java:139)
	at org.openqa.selenium.remote.RemoteWebDriver.execute(RemoteWebDriver.java:559)
	at org.openqa.selenium.remote.ElementLocation$ElementFinder$2.findElement(ElementLocation.java:162)
	at org.openqa.selenium.remote.ElementLocation.findElement(ElementLocation.java:60)
	at org.openqa.selenium.remote.RemoteWebDriver.findElement(RemoteWebDriver.java:383)
	at org.openqa.selenium.remote.RemoteWebDriver.findElement(RemoteWebDriver.java:375)
	at org.openqa.selenium.support.pagefactory.DefaultElementLocator.findElement(DefaultElementLocator.java:70)
	at org.openqa.selenium.support.pagefactory.internal.LocatingElementHandler.invoke(LocatingElementHandler.java:39)
	at jdk.proxy2/jdk.proxy2.$Proxy34.sendKeys(Unknown Source)
	at qtrecog.pageobjects.KudosHomeObj.searchMailSelect(KudosHomeObj.java:159)
	at qtrecog.testcases.KudosSearchTest.verifyKudosSearch(KudosSearchTest.java:33)
	at java.base/java.util.ArrayList.forEach(ArrayList.java:1511)
... Removed 31 stack frames</div></td></tr></table><p class="totop"><a href="#summary">back to summary</a></p>
<h2>Test9</h2><h3 id="m6">qtrecog.testcases.KudosMandateTest1#verifyCitationMandatory</h3><table class="result"><tr><th class="invisible"/></tr></table><p class="totop"><a href="#summary">back to summary</a></p>
<h2>Test6</h2><h3 id="m7">qtrecog.testcases.ActivityPanel#verifyKudosFromMe</h3><table class="result"><tr><th>Exception</th></tr><tr><td><div class="stacktrace">java.lang.AssertionError: Kudos from me section is not displayed expected [true] but found [false]
	at qtrecog.testcases.ActivityPanel.verifyKudosFromMe(ActivityPanel.java:36)
	at java.base/java.util.ArrayList.forEach(ArrayList.java:1511)
... Removed 30 stack frames</div></td></tr></table><p class="totop"><a href="#summary">back to summary</a></p>
<h3 id="m8">qtrecog.testcases.ActivityPanel#verifyKudosToMe</h3><table class="result"><tr><th>Exception</th></tr><tr><td><div class="stacktrace">java.lang.AssertionError: Kudos to me section is not displayed expected [true] but found [false]
	at qtrecog.testcases.ActivityPanel.verifyKudosToMe(ActivityPanel.java:49)
	at java.base/java.util.ArrayList.forEach(ArrayList.java:1511)
... Removed 30 stack frames</div></td></tr></table><p class="totop"><a href="#summary">back to summary</a></p>
<h3 id="m9">qtrecog.testcases.ActivityPanel#verifyActivity</h3><table class="result"><tr><th class="invisible"/></tr></table><p class="totop"><a href="#summary">back to summary</a></p>
<h2>Test1</h2><h3 id="m10">qtrecog.testcases.KudosHomeTest#verifyUser</h3><table class="result"><tr><th>Exception</th></tr><tr><td><div class="stacktrace">java.lang.AssertionError: The following asserts failed:
	Expected user name is not displayed expected [Dhananjayan S] but found []
	at qtrecog.testcases.KudosHomeTest.verifyUser(KudosHomeTest.java:36)
	at java.base/java.util.ArrayList.forEach(ArrayList.java:1511)
... Removed 29 stack frames</div></td></tr></table><p class="totop"><a href="#summary">back to summary</a></p>
<h3 id="m11">qtrecog.testcases.KudosHomeTest#verifyTitleHome</h3><table class="result"><tr><th class="invisible"/></tr></table><p class="totop"><a href="#summary">back to summary</a></p>
<h2>Test5</h2><h3 id="m12">qtrecog.testcases.KudosMandatoryTest#verifyKudosMandatry</h3><table class="result"><tr><th class="invisible"/></tr></table><p class="totop"><a href="#summary">back to summary</a></p>
<h2>Test4</h2><h3 id="m13">qtrecog.testcases.KudosRecentsTest#verifyRecentContacts</h3><table class="result"><tr><th>Exception</th></tr><tr><td><div class="stacktrace">java.lang.AssertionError: Recent Kudos Contact is not displayed expected [true] but found [false]
	at qtrecog.testcases.KudosRecentsTest.verifyRecentContacts(KudosRecentsTest.java:32)
	at java.base/java.util.ArrayList.forEach(ArrayList.java:1511)
... Removed 30 stack frames</div></td></tr></table><p class="totop"><a href="#summary">back to summary</a></p>
</body>
</html>
