<?xml version="1.0" encoding="UTF-8"?>
<!-- Generated by org.testng.reporters.JUnitXMLReporter -->
<testsuite ignored="0" hostname="DJ" failures="1" tests="2" name="Test1" time="56.839" errors="0" timestamp="2021-12-22T16:52:50 IST">
  <testcase classname="qtrecog.testcases.KudosHomeTest" name="verifyTitleHome" time="0.012"/>
  <testcase classname="qtrecog.testcases.KudosHomeTest" name="verifyUser" time="53.024">
    <failure type="java.lang.AssertionError" message="The following asserts failed:
	Expected user name is not displayed expected [Dhananjayan S] but found []">
      <![CDATA[java.lang.AssertionError: The following asserts failed:
Expected user name is not displayed expected [Dhananjayan S] but found []
at qtrecog.testcases.KudosHomeTest.verifyUser(KudosHomeTest.java:36)
at java.base/java.util.ArrayList.forEach(ArrayList.java:1511)
... Removed 29 stack frames]]>
    </failure>
  </testcase> <!-- verifyUser -->
</testsuite> <!-- Test1 -->
