<?xml version="1.0" encoding="UTF-8"?>
<!-- Generated by org.testng.reporters.JUnitXMLReporter -->
<testsuite ignored="0" hostname="DJ" failures="1" tests="3" name="Test2" time="54.97" errors="0" timestamp="2021-12-22T16:47:56 IST">
  <testcase classname="qtrecog.testcases.LoginPageTest" name="verifyTitleLogin" time="0.018"/>
  <testcase classname="qtrecog.testcases.LoginPageTest" name="verifyElementColours" time="0.322">
    <failure type="java.lang.AssertionError" message="The following asserts failed:
	expected [#fecc160] but found [#fdcc16],
	expected [#939598] but found [#ffffff],
	expected [#939598] but found [#ffffff]">
      <![CDATA[java.lang.AssertionError: The following asserts failed:
expected [#fecc160] but found [#fdcc16],
expected [#939598] but found [#ffffff],
expected [#939598] but found [#ffffff]
at qtrecog.testcases.LoginPageTest.verifyElementColours(LoginPageTest.java:71)
at java.base/java.util.ArrayList.forEach(ArrayList.java:1511)
... Removed 29 stack frames]]>
    </failure>
  </testcase> <!-- verifyElementColours -->
  <testcase classname="qtrecog.testcases.LoginPageTest" name="verifyLogin" time="50.367"/>
</testsuite> <!-- Test2 -->
