<?xml version="1.0" encoding="UTF-8"?>
<!-- Generated by org.testng.reporters.JUnitXMLReporter -->
<testsuite ignored="0" hostname="DJ" failures="1" tests="1" name="Test4" time="48.982" errors="0" timestamp="2021-12-22T16:54:45 IST">
  <testcase classname="qtrecog.testcases.KudosRecentsTest" name="verifyRecentContacts" time="44.541">
    <failure type="java.lang.AssertionError" message="Recent Kudos Contact is not displayed expected [true] but found [false]">
      <![CDATA[java.lang.AssertionError: Recent Kudos Contact is not displayed expected [true] but found [false]
at qtrecog.testcases.KudosRecentsTest.verifyRecentContacts(KudosRecentsTest.java:32)
at java.base/java.util.ArrayList.forEach(ArrayList.java:1511)
... Removed 30 stack frames]]>
    </failure>
  </testcase> <!-- verifyRecentContacts -->
</testsuite> <!-- Test4 -->
