<?xml version="1.0" encoding="UTF-8"?>
<!-- Generated by org.testng.reporters.JUnitXMLReporter -->
<testsuite ignored="0" hostname="DJ" failures="1" tests="1" name="Test8" time="68.068" errors="0" timestamp="2021-12-22T16:47:00 IST">
  <testcase classname="qtrecog.testcases.KudosHomeTest2" name="verifySendKudos" time="60.706">
    <failure type="java.lang.AssertionError" message="Kudos cannot be sent expected [Kudos Sent Successfully.] but found [Sending email. Please wait .....]">
      <![CDATA[java.lang.AssertionError: Kudos cannot be sent expected [Kudos Sent Successfully.] but found [Sending email. Please wait .....]
at qtrecog.testcases.KudosHomeTest2.verifySendKudos(KudosHomeTest2.java:41)
at java.base/java.util.ArrayList.forEach(ArrayList.java:1511)
... Removed 32 stack frames]]>
    </failure>
  </testcase> <!-- verifySendKudos -->
</testsuite> <!-- Test8 -->
